<?xml version="1.0" encoding="UTF-8"?>
<!-- Generated by org.testng.reporters.JUnitXMLReporter -->
<testsuite hostname="WKWIN9326287" ignored="0" name="Default test" tests="3" failures="0" timestamp="22 Jul 2019 10:25:39 GMT" time="51.204" errors="0">
  <testcase name="clickUserCheckBox" time="2.692" classname="com.crm.qa.testcases.ContactsPageTest"/>
  <testcase name="validateCreateNewContactFromStringArrayOfData" time="2.39" classname="com.crm.qa.testcases.ContactsPageTest"/>
  <testcase name="validateCreateNewContactFromStringArrayOfData" time="2.416" classname="com.crm.qa.testcases.ContactsPageTest"/>
</testsuite> <!-- Default test -->
