<?xml version="1.0" encoding="UTF-8"?>
<!-- Generated by org.testng.reporters.JUnitXMLReporter -->
<testsuite hostname="WKWIN9326287" ignored="0" name="FreeCRMTest" tests="8" failures="0" timestamp="23 Jul 2019 11:47:32 GMT" time="119.75" errors="0">
  <testcase name="loginPageTitleTest" time="0.012" classname="com.crm.qa.testcases.LoginPageTest"/>
  <testcase name="verifyHomePageTitleTest" time="0.008" classname="com.crm.qa.testcases.HomePageTest"/>
  <testcase name="clickUserCheckBox" time="3.723" classname="com.crm.qa.testcases.ContactsPageTest"/>
  <testcase name="login" time="0.542" classname="com.crm.qa.testcases.LoginPageTest"/>
  <testcase name="verifytUserName" time="2.019" classname="com.crm.qa.testcases.HomePageTest"/>
  <testcase name="validateCreateNewContactFromStringArrayOfData" time="2.384" classname="com.crm.qa.testcases.ContactsPageTest"/>
  <testcase name="validateCreateNewContactFromStringArrayOfData" time="2.398" classname="com.crm.qa.testcases.ContactsPageTest"/>
  <testcase name="verifyContactsLinkTest" time="2.246" classname="com.crm.qa.testcases.HomePageTest"/>
</testsuite> <!-- FreeCRMTest -->
