<?xml version="1.0" encoding="UTF-8"?>
<!-- Generated by org.testng.reporters.JUnitXMLReporter -->
<testsuite hostname="WKWIN9326287" ignored="0" name="FreeCRMTest" tests="8" failures="0" timestamp="24 Jul 2019 09:34:54 GMT" time="104.023" errors="0">
  <testcase name="loginPageTitleTest" time="0.024" classname="com.crm.qa.testcases.LoginPageTest"/>
  <testcase name="verifyHomePageTitleTest" time="0.008" classname="com.crm.qa.testcases.HomePageTest"/>
  <testcase name="clickUserCheckBox" time="2.88" classname="com.crm.qa.testcases.ContactsPageTest"/>
  <testcase name="login" time="0.519" classname="com.crm.qa.testcases.LoginPageTest"/>
  <testcase name="verifytUserName" time="1.441" classname="com.crm.qa.testcases.HomePageTest"/>
  <testcase name="validateCreateNewContactFromStringArrayOfData" time="2.519" classname="com.crm.qa.testcases.ContactsPageTest"/>
  <testcase name="validateCreateNewContactFromStringArrayOfData" time="2.146" classname="com.crm.qa.testcases.ContactsPageTest"/>
  <testcase name="verifyContactsLinkTest" time="1.993" classname="com.crm.qa.testcases.HomePageTest"/>
</testsuite> <!-- FreeCRMTest -->
