<?xml version="1.0" encoding="UTF-8"?>
<!-- Generated by org.testng.reporters.JUnitXMLReporter -->
<testsuite hostname="WKWIN9326287" ignored="0" name="Command line test" tests="8" failures="0" timestamp="24 Jul 2019 12:21:25 GMT" time="101.191" errors="0">
  <testcase name="clickUserCheckBox" time="3.835" classname="com.crm.qa.testcases.ContactsPageTest"/>
  <testcase name="verifyHomePageTitleTest" time="0.014" classname="com.crm.qa.testcases.HomePageTest"/>
  <testcase name="loginPageTitleTest" time="0.012" classname="com.crm.qa.testcases.LoginPageTest"/>
  <testcase name="validateCreateNewContactFromStringArrayOfData" time="2.557" classname="com.crm.qa.testcases.ContactsPageTest"/>
  <testcase name="validateCreateNewContactFromStringArrayOfData" time="2.684" classname="com.crm.qa.testcases.ContactsPageTest"/>
  <testcase name="verifytUserName" time="1.397" classname="com.crm.qa.testcases.HomePageTest"/>
  <testcase name="login" time="0.379" classname="com.crm.qa.testcases.LoginPageTest"/>
  <testcase name="verifyContactsLinkTest" time="1.788" classname="com.crm.qa.testcases.HomePageTest"/>
</testsuite> <!-- Command line test -->
