<?xml version="1.0" encoding="UTF-8"?>
<!-- Generated by org.testng.reporters.JUnitXMLReporter -->
<testsuite hostname="WKWIN9326287" ignored="0" name="FreeCRMTest(failed)" tests="3" failures="0" timestamp="27 Jul 2019 07:29:43 GMT" time="63.822" errors="0">
  <testcase name="clickUserCheckBox" time="4.049" classname="com.crm.qa.testcases.ContactsPageTest"/>
  <testcase name="validateCreateNewContactFromStringArrayOfData" time="2.903" classname="com.crm.qa.testcases.ContactsPageTest"/>
  <testcase name="validateCreateNewContactFromStringArrayOfData" time="2.316" classname="com.crm.qa.testcases.ContactsPageTest"/>
</testsuite> <!-- FreeCRMTest(failed) -->
