<?xml version="1.0" encoding="UTF-8" ?>
<testsuite tests="8" failures="0" name="TestSuite" time="12.671" errors="0" skipped="0">
  <properties>
[...]
</properties>
  <testcase classname="com.crm.qa.testcases.ContactsPageTest" name="clickUserCheckBox" time="3.838"/>
  <testcase classname="com.crm.qa.testcases.HomePageTest" name="verifyHomePageTitleTest" time="0.013"/>
  <testcase classname="com.crm.qa.testcases.LoginPageTest" name="loginPageTitleTest" time="0.012"/>
  <testcase classname="com.crm.qa.testcases.ContactsPageTest" name="validateCreateNewContactFromStringArrayOfData" time="2.558"/>
  <testcase classname="com.crm.qa.testcases.ContactsPageTest" name="validateCreateNewContactFromStringArrayOfData" time="2.685"/>
  <testcase classname="com.crm.qa.testcases.HomePageTest" name="verifytUserName" time="1.397"/>
  <testcase classname="com.crm.qa.testcases.LoginPageTest" name="login" time="0.379"/>
  <testcase classname="com.crm.qa.testcases.HomePageTest" name="verifyContactsLinkTest" time="1.789"/>
</testsuite>