<?xml version="1.0" encoding="UTF-8"?>
<testng-results skipped="0" failed="0" ignored="0" total="3" passed="3">
  <reporter-output>
  </reporter-output>
  <suite name="Failed suite [Suite]" duration-ms="63822" started-at="2019-07-27T07:28:40Z" finished-at="2019-07-27T07:29:43Z">
    <groups>
    </groups>
    <test name="FreeCRMTest(failed)" duration-ms="63822" started-at="2019-07-27T07:28:40Z" finished-at="2019-07-27T07:29:43Z">
      <class name="com.crm.qa.testcases.ContactsPageTest">
        <test-method status="PASS" signature="setUp()[pri:0, instance:com.crm.qa.testcases.ContactsPageTest@13b32d7]" name="setUp" is-config="true" duration-ms="19428" started-at="2019-07-27T07:28:40Z" finished-at="2019-07-27T07:28:59Z">
          <reporter-output>
          </reporter-output>
        </test-method> <!-- setUp -->
        <test-method status="PASS" signature="clickUserCheckBox()[pri:1, instance:com.crm.qa.testcases.ContactsPageTest@13b32d7]" name="clickUserCheckBox" duration-ms="4049" started-at="2019-07-27T07:28:59Z" finished-at="2019-07-27T07:29:03Z">
          <reporter-output>
          </reporter-output>
        </test-method> <!-- clickUserCheckBox -->
        <test-method status="PASS" signature="tearDown()[pri:0, instance:com.crm.qa.testcases.ContactsPageTest@13b32d7]" name="tearDown" is-config="true" duration-ms="778" started-at="2019-07-27T07:29:03Z" finished-at="2019-07-27T07:29:04Z">
          <reporter-output>
          </reporter-output>
        </test-method> <!-- tearDown -->
        <test-method status="PASS" signature="setUp()[pri:0, instance:com.crm.qa.testcases.ContactsPageTest@13b32d7]" name="setUp" is-config="true" duration-ms="18396" started-at="2019-07-27T07:29:06Z" finished-at="2019-07-27T07:29:24Z">
          <reporter-output>
          </reporter-output>
        </test-method> <!-- setUp -->
        <test-method status="PASS" signature="validateCreateNewContactFromStringArrayOfData(java.lang.String)[pri:2, instance:com.crm.qa.testcases.ContactsPageTest@13b32d7]" name="validateCreateNewContactFromStringArrayOfData" duration-ms="2903" started-at="2019-07-27T07:29:24Z" data-provider="getCRMTestDataAsString" finished-at="2019-07-27T07:29:27Z">
          <params>
            <param index="0">
              <value>
                <![CDATA[madhu chilakala m@sapient.com]]>
              </value>
            </param>
          </params>
          <reporter-output>
          </reporter-output>
        </test-method> <!-- validateCreateNewContactFromStringArrayOfData -->
        <test-method status="PASS" signature="tearDown()[pri:0, instance:com.crm.qa.testcases.ContactsPageTest@13b32d7]" name="tearDown" is-config="true" duration-ms="747" started-at="2019-07-27T07:29:27Z" finished-at="2019-07-27T07:29:28Z">
          <reporter-output>
          </reporter-output>
        </test-method> <!-- tearDown -->
        <test-method status="PASS" signature="setUp()[pri:0, instance:com.crm.qa.testcases.ContactsPageTest@13b32d7]" name="setUp" is-config="true" duration-ms="12401" started-at="2019-07-27T07:29:28Z" finished-at="2019-07-27T07:29:40Z">
          <reporter-output>
          </reporter-output>
        </test-method> <!-- setUp -->
        <test-method status="PASS" signature="validateCreateNewContactFromStringArrayOfData(java.lang.String)[pri:2, instance:com.crm.qa.testcases.ContactsPageTest@13b32d7]" name="validateCreateNewContactFromStringArrayOfData" duration-ms="2316" started-at="2019-07-27T07:29:40Z" data-provider="getCRMTestDataAsString" finished-at="2019-07-27T07:29:43Z">
          <params>
            <param index="0">
              <value>
                <![CDATA[suvarna raju sr@sapeint.com]]>
              </value>
            </param>
          </params>
          <reporter-output>
          </reporter-output>
        </test-method> <!-- validateCreateNewContactFromStringArrayOfData -->
        <test-method status="PASS" signature="tearDown()[pri:0, instance:com.crm.qa.testcases.ContactsPageTest@13b32d7]" name="tearDown" is-config="true" duration-ms="754" started-at="2019-07-27T07:29:43Z" finished-at="2019-07-27T07:29:43Z">
          <reporter-output>
          </reporter-output>
        </test-method> <!-- tearDown -->
      </class> <!-- com.crm.qa.testcases.ContactsPageTest -->
    </test> <!-- FreeCRMTest(failed) -->
  </suite> <!-- Failed suite [Suite] -->
</testng-results>
